2023-02-02 11:48:53.9586 [DEBUG] Scene Fusion version 1.9.4-0
2023-02-02 11:48:53.9627 [INFO] Setting define symbol SCENE_FUSION
2023-02-02 11:49:07.0236 [DEBUG] Scene Fusion version 1.9.4-0
2023-02-02 11:49:41.4176 [ERROR] NullReferenceException: Object reference not set to an instance of an object
KS.SceneFusion.sfLoginMenu.Login () (at <f73bbac8c0324edc8c09335730067a49>:0)
KS.Unity.Editor.ksBaseLoginMenu`1[T].Draw (KS.Unity.Editor.ksWindow window) (at <e5c83842a7b345dabbe83237291e87eb>:0)
KS.SceneFusion.sfLoginMenu.KS.Unity.Editor.ksIMenu.Draw (KS.Unity.Editor.ksWindow window) (at <f73bbac8c0324edc8c09335730067a49>:0)
KS.Unity.Editor.ksWindow.OnGUI () (at <e5c83842a7b345dabbe83237291e87eb>:0)
UnityEditor.HostView.InvokeOnGUI (UnityEngine.Rect onGUIPosition) (at <c3a254a0b67c4cbabc1034a3874509dc>:0)
UnityEditor.DockArea.DrawView (UnityEngine.Rect dockAreaRect) (at <c3a254a0b67c4cbabc1034a3874509dc>:0)
UnityEditor.DockArea.OldOnGUI () (at <c3a254a0b67c4cbabc1034a3874509dc>:0)
UnityEngine.UIElements.IMGUIContainer.DoOnGUI (UnityEngine.Event evt, UnityEngine.Matrix4x4 parentTransform, UnityEngine.Rect clippingRect, System.Boolean isComputingLayout, UnityEngine.Rect layoutSize, System.Action onGUIHandler, System.Boolean canAffectFocus) (at <20cc7906dc2040b7aff3babd235f4c07>:0)
UnityEngine.UIElements.IMGUIContainer.HandleIMGUIEvent (UnityEngine.Event e, UnityEngine.Matrix4x4 worldTransform, UnityEngine.Rect clippingRect, System.Action onGUIHandler, System.Boolean canAffectFocus) (at <20cc7906dc2040b7aff3babd235f4c07>:0)
UnityEngine.UIElements.IMGUIContainer.HandleIMGUIEvent (UnityEngine.Event e, System.Action onGUIHandler, System.Boolean canAffectFocus) (at <20cc7906dc2040b7aff3babd235f4c07>:0)
UnityEngine.UIElements.IMGUIContainer.HandleIMGUIEvent (UnityEngine.Event e, System.Boolean canAffectFocus) (at <20cc7906dc2040b7aff3babd235f4c07>:0)
UnityEngine.UIElements.IMGUIContainer.SendEventToIMGUIRaw (UnityEngine.UIElements.EventBase evt, System.Boolean canAffectFocus, System.Boolean verifyBounds) (at <20cc7906dc2040b7aff3babd235f4c07>:0)
UnityEngine.UIElements.IMGUIContainer.SendEventToIMGUI (UnityEngine.UIElements.EventBase evt, System.Boolean canAffectFocus, System.Boolean verifyBounds) (at <20cc7906dc2040b7aff3babd235f4c07>:0)
UnityEngine.UIElements.KeyboardEventDispatchingStrategy.DispatchEvent (UnityEngine.UIElements.EventBase evt, UnityEngine.UIElements.IPanel panel) (at <20cc7906dc2040b7aff3babd235f4c07>:0)
UnityEngine.UIElements.EventDispatcher.ApplyDispatchingStrategies (UnityEngine.UIElements.EventBase evt, UnityEngine.UIElements.IPanel panel, System.Boolean imguiEventIsInitiallyUsed) (at <20cc7906dc2040b7aff3babd235f4c07>:0)
UnityEngine.UIElements.EventDispatcher.ProcessEvent (UnityEngine.UIElements.EventBase evt, UnityEngine.UIElements.IPanel panel) (at <20cc7906dc2040b7aff3babd235f4c07>:0)
UnityEngine.UIElements.EventDispatcher.Dispatch (UnityEngine.UIElements.EventBase evt, UnityEngine.UIElements.IPanel panel, UnityEngine.UIElements.DispatchMode dispatchMode) (at <20cc7906dc2040b7aff3babd235f4c07>:0)
UnityEngine.UIElements.BaseVisualElementPanel.SendEvent (UnityEngine.UIElements.EventBase e, UnityEngine.UIElements.DispatchMode dispatchMode) (at <20cc7906dc2040b7aff3babd235f4c07>:0)
UnityEngine.UIElements.UIElementsUtility.DoDispatch (UnityEngine.UIElements.BaseVisualElementPanel panel) (at <20cc7906dc2040b7aff3babd235f4c07>:0)
UnityEngine.UIElements.UIElementsUtility.UnityEngine.UIElements.IUIElementsUtility.ProcessEvent (System.Int32 instanceID, System.IntPtr nativeEventPtr, System.Boolean& eventHandled) (at <20cc7906dc2040b7aff3babd235f4c07>:0)
UnityEngine.UIElements.UIEventRegistration.ProcessEvent (System.Int32 instanceID, System.IntPtr nativeEventPtr) (at <20cc7906dc2040b7aff3babd235f4c07>:0)
UnityEngine.UIElements.UIEventRegistration+<>c.<.cctor>b__1_2 (System.Int32 i, System.IntPtr ptr) (at <20cc7906dc2040b7aff3babd235f4c07>:0)
UnityEngine.GUIUtility.ProcessEvent (System.Int32 instanceID, System.IntPtr nativeEventPtr, System.Boolean& result) (at <8e97839110b84d8488891b7b115781f7>:0)

2023-02-02 11:49:44.5125 [ERROR] NullReferenceException: Object reference not set to an instance of an object
KS.SceneFusion.sfLoginMenu.Login () (at <f73bbac8c0324edc8c09335730067a49>:0)
KS.Unity.Editor.ksBaseLoginMenu`1[T].Draw (KS.Unity.Editor.ksWindow window) (at <e5c83842a7b345dabbe83237291e87eb>:0)
KS.SceneFusion.sfLoginMenu.KS.Unity.Editor.ksIMenu.Draw (KS.Unity.Editor.ksWindow window) (at <f73bbac8c0324edc8c09335730067a49>:0)
KS.Unity.Editor.ksWindow.OnGUI () (at <e5c83842a7b345dabbe83237291e87eb>:0)
UnityEditor.HostView.InvokeOnGUI (UnityEngine.Rect onGUIPosition) (at <c3a254a0b67c4cbabc1034a3874509dc>:0)
UnityEditor.DockArea.DrawView (UnityEngine.Rect dockAreaRect) (at <c3a254a0b67c4cbabc1034a3874509dc>:0)
UnityEditor.DockArea.OldOnGUI () (at <c3a254a0b67c4cbabc1034a3874509dc>:0)
UnityEngine.UIElements.IMGUIContainer.DoOnGUI (UnityEngine.Event evt, UnityEngine.Matrix4x4 parentTransform, UnityEngine.Rect clippingRect, System.Boolean isComputingLayout, UnityEngine.Rect layoutSize, System.Action onGUIHandler, System.Boolean canAffectFocus) (at <20cc7906dc2040b7aff3babd235f4c07>:0)
UnityEngine.UIElements.IMGUIContainer.HandleIMGUIEvent (UnityEngine.Event e, UnityEngine.Matrix4x4 worldTransform, UnityEngine.Rect clippingRect, System.Action onGUIHandler, System.Boolean canAffectFocus) (at <20cc7906dc2040b7aff3babd235f4c07>:0)
UnityEngine.UIElements.IMGUIContainer.HandleIMGUIEvent (UnityEngine.Event e, System.Action onGUIHandler, System.Boolean canAffectFocus) (at <20cc7906dc2040b7aff3babd235f4c07>:0)
UnityEngine.UIElements.IMGUIContainer.HandleIMGUIEvent (UnityEngine.Event e, System.Boolean canAffectFocus) (at <20cc7906dc2040b7aff3babd235f4c07>:0)
UnityEngine.UIElements.IMGUIContainer.SendEventToIMGUIRaw (UnityEngine.UIElements.EventBase evt, System.Boolean canAffectFocus, System.Boolean verifyBounds) (at <20cc7906dc2040b7aff3babd235f4c07>:0)
UnityEngine.UIElements.IMGUIContainer.SendEventToIMGUI (UnityEngine.UIElements.EventBase evt, System.Boolean canAffectFocus, System.Boolean verifyBounds) (at <20cc7906dc2040b7aff3babd235f4c07>:0)
UnityEngine.UIElements.IMGUIContainer.ProcessEvent (UnityEngine.UIElements.EventBase evt) (at <20cc7906dc2040b7aff3babd235f4c07>:0)
UnityEngine.UIElements.IMGUIContainer.ExecuteDefaultActionAtTarget (UnityEngine.UIElements.EventBase evt) (at <20cc7906dc2040b7aff3babd235f4c07>:0)
UnityEngine.UIElements.CallbackEventHandler.HandleEvent (UnityEngine.UIElements.EventBase evt) (at <20cc7906dc2040b7aff3babd235f4c07>:0)
UnityEngine.UIElements.CallbackEventHandler.HandleEventAtCurrentTargetAndPhase (UnityEngine.UIElements.EventBase evt) (at <20cc7906dc2040b7aff3babd235f4c07>:0)
UnityEngine.UIElements.CallbackEventHandler.HandleEventAtTargetPhase (UnityEngine.UIElements.EventBase evt) (at <20cc7906dc2040b7aff3babd235f4c07>:0)
UnityEngine.UIElements.MouseCaptureDispatchingStrategy.DispatchEvent (UnityEngine.UIElements.EventBase evt, UnityEngine.UIElements.IPanel panel) (at <20cc7906dc2040b7aff3babd235f4c07>:0)
UnityEngine.UIElements.EventDispatcher.ApplyDispatchingStrategies (UnityEngine.UIElements.EventBase evt, UnityEngine.UIElements.IPanel panel, System.Boolean imguiEventIsInitiallyUsed) (at <20cc7906dc2040b7aff3babd235f4c07>:0)
UnityEngine.UIElements.EventDispatcher.ProcessEvent (UnityEngine.UIElements.EventBase evt, UnityEngine.UIElements.IPanel panel) (at <20cc7906dc2040b7aff3babd235f4c07>:0)
UnityEngine.UIElements.EventDispatcher.ProcessEventQueue () (at <20cc7906dc2040b7aff3babd235f4c07>:0)
UnityEngine.UIElements.EventDispatcher.OpenGate () (at <20cc7906dc2040b7aff3babd235f4c07>:0)
UnityEngine.UIElements.EventDispatcherGate.Dispose () (at <20cc7906dc2040b7aff3babd235f4c07>:0)
UnityEngine.UIElements.EventDispatcher.ProcessEvent (UnityEngine.UIElements.EventBase evt, UnityEngine.UIElements.IPanel panel) (at <20cc7906dc2040b7aff3babd235f4c07>:0)
UnityEngine.UIElements.EventDispatcher.Dispatch (UnityEngine.UIElements.EventBase evt, UnityEngine.UIElements.IPanel panel, UnityEngine.UIElements.DispatchMode dispatchMode) (at <20cc7906dc2040b7aff3babd235f4c07>:0)
UnityEngine.UIElements.BaseVisualElementPanel.SendEvent (UnityEngine.UIElements.EventBase e, UnityEngine.UIElements.DispatchMode dispatchMode) (at <20cc7906dc2040b7aff3babd235f4c07>:0)
UnityEngine.UIElements.UIElementsUtility.DoDispatch (UnityEngine.UIElements.BaseVisualElementPanel panel) (at <20cc7906dc2040b7aff3babd235f4c07>:0)
UnityEngine.UIElements.UIElementsUtility.UnityEngine.UIElements.IUIElementsUtility.ProcessEvent (System.Int32 instanceID, System.IntPtr nativeEventPtr, System.Boolean& eventHandled) (at <20cc7906dc2040b7aff3babd235f4c07>:0)
UnityEngine.UIElements.UIEventRegistration.ProcessEvent (System.Int32 instanceID, System.IntPtr nativeEventPtr) (at <20cc7906dc2040b7aff3babd235f4c07>:0)
UnityEngine.UIElements.UIEventRegistration+<>c.<.cctor>b__1_2 (System.Int32 i, System.IntPtr ptr) (at <20cc7906dc2040b7aff3babd235f4c07>:0)
UnityEngine.GUIUtility.ProcessEvent (System.Int32 instanceID, System.IntPtr nativeEventPtr, System.Boolean& result) (at <8e97839110b84d8488891b7b115781f7>:0)

2023-02-02 12:30:23.5772 [DEBUG] Scene Fusion version 1.9.4-0
2023-02-02 12:30:48.8770 [ERROR] NullReferenceException: Object reference not set to an instance of an object
KS.SceneFusion.sfLoginMenu.Login () (at <8e314a1e33134dfba30454a7f02db90e>:0)
KS.Unity.Editor.ksBaseLoginMenu`1[T].Draw (KS.Unity.Editor.ksWindow window) (at <266dc5e7e3974a538cda9e06400a220e>:0)
KS.SceneFusion.sfLoginMenu.KS.Unity.Editor.ksIMenu.Draw (KS.Unity.Editor.ksWindow window) (at <8e314a1e33134dfba30454a7f02db90e>:0)
KS.Unity.Editor.ksWindow.OnGUI () (at <266dc5e7e3974a538cda9e06400a220e>:0)
UnityEditor.HostView.InvokeOnGUI (UnityEngine.Rect onGUIPosition) (at <c3a254a0b67c4cbabc1034a3874509dc>:0)
UnityEditor.DockArea.DrawView (UnityEngine.Rect dockAreaRect) (at <c3a254a0b67c4cbabc1034a3874509dc>:0)
UnityEditor.DockArea.OldOnGUI () (at <c3a254a0b67c4cbabc1034a3874509dc>:0)
UnityEngine.UIElements.IMGUIContainer.DoOnGUI (UnityEngine.Event evt, UnityEngine.Matrix4x4 parentTransform, UnityEngine.Rect clippingRect, System.Boolean isComputingLayout, UnityEngine.Rect layoutSize, System.Action onGUIHandler, System.Boolean canAffectFocus) (at <20cc7906dc2040b7aff3babd235f4c07>:0)
UnityEngine.UIElements.IMGUIContainer.HandleIMGUIEvent (UnityEngine.Event e, UnityEngine.Matrix4x4 worldTransform, UnityEngine.Rect clippingRect, System.Action onGUIHandler, System.Boolean canAffectFocus) (at <20cc7906dc2040b7aff3babd235f4c07>:0)
UnityEngine.UIElements.IMGUIContainer.HandleIMGUIEvent (UnityEngine.Event e, System.Action onGUIHandler, System.Boolean canAffectFocus) (at <20cc7906dc2040b7aff3babd235f4c07>:0)
UnityEngine.UIElements.IMGUIContainer.HandleIMGUIEvent (UnityEngine.Event e, System.Boolean canAffectFocus) (at <20cc7906dc2040b7aff3babd235f4c07>:0)
UnityEngine.UIElements.IMGUIContainer.SendEventToIMGUIRaw (UnityEngine.UIElements.EventBase evt, System.Boolean canAffectFocus, System.Boolean verifyBounds) (at <20cc7906dc2040b7aff3babd235f4c07>:0)
UnityEngine.UIElements.IMGUIContainer.SendEventToIMGUI (UnityEngine.UIElements.EventBase evt, System.Boolean canAffectFocus, System.Boolean verifyBounds) (at <20cc7906dc2040b7aff3babd235f4c07>:0)
UnityEngine.UIElements.KeyboardEventDispatchingStrategy.DispatchEvent (UnityEngine.UIElements.EventBase evt, UnityEngine.UIElements.IPanel panel) (at <20cc7906dc2040b7aff3babd235f4c07>:0)
UnityEngine.UIElements.EventDispatcher.ApplyDispatchingStrategies (UnityEngine.UIElements.EventBase evt, UnityEngine.UIElements.IPanel panel, System.Boolean imguiEventIsInitiallyUsed) (at <20cc7906dc2040b7aff3babd235f4c07>:0)
UnityEngine.UIElements.EventDispatcher.ProcessEvent (UnityEngine.UIElements.EventBase evt, UnityEngine.UIElements.IPanel panel) (at <20cc7906dc2040b7aff3babd235f4c07>:0)
UnityEngine.UIElements.EventDispatcher.Dispatch (UnityEngine.UIElements.EventBase evt, UnityEngine.UIElements.IPanel panel, UnityEngine.UIElements.DispatchMode dispatchMode) (at <20cc7906dc2040b7aff3babd235f4c07>:0)
UnityEngine.UIElements.BaseVisualElementPanel.SendEvent (UnityEngine.UIElements.EventBase e, UnityEngine.UIElements.DispatchMode dispatchMode) (at <20cc7906dc2040b7aff3babd235f4c07>:0)
UnityEngine.UIElements.UIElementsUtility.DoDispatch (UnityEngine.UIElements.BaseVisualElementPanel panel) (at <20cc7906dc2040b7aff3babd235f4c07>:0)
UnityEngine.UIElements.UIElementsUtility.UnityEngine.UIElements.IUIElementsUtility.ProcessEvent (System.Int32 instanceID, System.IntPtr nativeEventPtr, System.Boolean& eventHandled) (at <20cc7906dc2040b7aff3babd235f4c07>:0)
UnityEngine.UIElements.UIEventRegistration.ProcessEvent (System.Int32 instanceID, System.IntPtr nativeEventPtr) (at <20cc7906dc2040b7aff3babd235f4c07>:0)
UnityEngine.UIElements.UIEventRegistration+<>c.<.cctor>b__1_2 (System.Int32 i, System.IntPtr ptr) (at <20cc7906dc2040b7aff3babd235f4c07>:0)
UnityEngine.GUIUtility.ProcessEvent (System.Int32 instanceID, System.IntPtr nativeEventPtr, System.Boolean& result) (at <8e97839110b84d8488891b7b115781f7>:0)

